[08/23/2018 9:49 AM] - User added [Username: thhtht118] - NANDHINI
[08/23/2018 9:52 AM] - User added [Username: tyteyri119] - NANDHINI
[08/23/2018 9:52 AM] - User added [Username: tyteyri120] - NANDHINI
[08/29/2018 9:26 AM] - User added [Username: thiyagarajan121] - NANDHINI
[08/30/2018 9:35 AM] - User added [Username: nandhiniv109] - NANDHINI
[08/30/2018 12:25 PM] - User added [Username: anbalagan110] - NANDHINI
[08/30/2018 12:38 PM] - User added [Username: thiyagu111] - NANDHINI
[08/30/2018 12:47 PM] - User added [Username: nandhinia112] - NANDHINI
[09/05/2018 10:42 AM] - User edited [data: settings,edit-agent,nandhinia112,NandhiniA,,nandhini@unbeleadsable.com,51491784343,,,nandhu@123,nandhini@123,nandhini@123,,<p><strong>NandhiniA</strong></p>
<p>nandhini@unbeleadsable.com</p>
<p>51491784343</p>
<p>figi</p>,1,1,EN,1.0.0,montreal, Quebec,figi,,,figi,112] - nandhinia112
[09/05/2018 12:27 PM] - User added [Username: nandhinianbalagan113] - NANDHINI
[09/18/2018 12:10 PM] - User edited [data: agent,edit,121,<p><b>THIYAGARAJAN</b></p><p>thiyagarajan@unbeleadsable.com</p><p>5454545454545</p><p>CCC</p>,1,1,,THIYAGARAJAN,New address,thiyagarajan@unbeleadsable.com,5454545454545,shghsgd, British Columbia,CCC,,,,,,EN,1.0.0] - NANDHINI
[09/18/2018 2:41 PM] - Template updated [Slug: agents-acceptance-en] - NANDHINI
[09/18/2018 2:42 PM] - Template updated [Slug: agents-acceptance-en] - NANDHINI
[09/18/2018 2:42 PM] - New template added [Slug: agent's-acceptance-en] - NANDHINI
[09/19/2018 11:24 AM] - Template updated [Slug: agent's-acceptance-en] - NANDHINI
[09/19/2018 11:24 AM] - Template updated [Slug: agents-acceptance-fr] - NANDHINI
[09/19/2018 11:36 AM] - New template added [Slug: customer-acceptance] - NANDHINI
[09/20/2018 9:15 AM] - Template updated [Slug: agent's-acceptance-en] - NANDHINI
[09/20/2018 12:46 PM] - User added [Username: newtest0] - 
[09/20/2018 12:46 PM] - New invoice added [Invoice Num: 123445 - System
[09/20/2018 12:48 PM] - User added [Username: newtest123] - 
[09/20/2018 12:48 PM] - New invoice added [Invoice Num: 123445 - System
[09/20/2018 12:51 PM] - User added [Username: fghdgh124] - 
[09/20/2018 12:51 PM] - New invoice added [Invoice Num: 123445 - System
[09/20/2018 1:02 PM] - Template updated [Slug: agent's-acceptance-en] - NANDHINI
[09/20/2018 1:05 PM] - User added [Username: testthiagu125] - 
[09/20/2018 1:05 PM] - New invoice added [Invoice Num: 123445 - System
[10/02/2018 1:14 PM] - User added [Username: thiyagu136] - 
[10/02/2018 1:14 PM] - New invoice added [Invoice Num: 123445 - System
[10/02/2018 2:09 PM] - User added [Username: newdata137] - NANDHINI
[10/02/2018 3:18 PM] - User added [Username: newdata138] - NANDHINI
[10/03/2018 12:52 PM] - User added [Username: hiiiii139] - NANDHINI
[10/03/2018 1:09 PM] - User added [Username: eleganzamagazine1] - NANDHINI
[10/03/2018 1:10 PM] - User added [Username: eleganzadigitalmedia2] - NANDHINI
